<?xml version="1.0" encoding="UTF-8"?>
<!-- Generated by org.testng.reporters.JUnitReportReporter -->
<testsuite hostname="LAPTOP-O5N2FL09" failures="0" tests="16" name="pageObjectsTests.LoginToApp" time="176.820" errors="0" timestamp="2024-05-18T23:56:31 EDT" skipped="3">
  <testcase classname="pageObjectsTests.LoginToApp" name="loginToApp_incorrectCredentials_failedLogin4" time="13.369"/>
  <testcase classname="pageObjectsTests.LoginToApp" name="loginToApp_incorrectCredentials_failedLogin" time="11.062"/>
  <testcase classname="pageObjectsTests.LoginToApp" name="loginToApp_incorrectCredentials_failedLogin5" time="12.642"/>
  <testcase classname="pageObjectsTests.LoginToApp" name="flakyTest" time="7.169">
    <skipped/>
  </testcase> <!-- flakyTest -->
  <testcase classname="pageObjectsTests.LoginToApp" name="flakyTest" time="8.890"/>
  <testcase classname="pageObjectsTests.LoginToApp" name="loginToApp_correctCredentials_successfulLogin2" time="13.425"/>
  <testcase classname="pageObjectsTests.LoginToApp" name="flakyTest" time="7.293">
    <skipped/>
  </testcase> <!-- flakyTest -->
  <testcase classname="pageObjectsTests.LoginToApp" name="loginToApp_correctCredentials_successfulLogin" time="12.958"/>
  <testcase classname="pageObjectsTests.LoginToApp" name="loginToApp_incorrectCredentials_failedLogin2" time="12.236"/>
  <testcase classname="pageObjectsTests.LoginToApp" name="loginToApp_incorrectCredentials_failedLogin3" time="11.621"/>
  <testcase classname="pageObjectsTests.LoginToApp" name="loginToApp_correctCredentials_successfulLogin4" time="10.885"/>
  <testcase classname="pageObjectsTests.LoginToApp" name="loginToApp_correctCredentials_successfulLogin3" time="13.354"/>
  <testcase classname="pageObjectsTests.LoginToApp" name="loginToApp_incorrectCredentials_failedLogin1" time="10.762"/>
  <testcase classname="pageObjectsTests.LoginToApp" name="loginToApp_correctCredentials_successfulLogin5" time="9.825"/>
  <testcase classname="pageObjectsTests.LoginToApp" name="loginToApp_correctCredentials_successfulLogin1" time="12.907"/>
  <testcase classname="pageObjectsTests.LoginToApp" name="flakyTest" time="8.422">
    <skipped/>
  </testcase> <!-- flakyTest -->
</testsuite> <!-- pageObjectsTests.LoginToApp -->
