<?xml version="1.0" encoding="UTF-8"?>
<!-- Generated by org.testng.reporters.JUnitReportReporter -->
<testsuite hostname="LAPTOP-O5N2FL09" failures="0" tests="10" name="pageObjectsTests.LoginToAppFactory" time="98.979" errors="0" timestamp="2024-05-18T23:56:31 EDT" skipped="2">
  <testcase classname="pageObjectsTests.LoginToAppFactory" name="loginToApp_incorrectCredentials_failedLogin4" time="11.211"/>
  <testcase classname="pageObjectsTests.LoginToAppFactory" name="loginToApp_correctCredentials_successfulLogin3" time="12.919"/>
  <testcase classname="pageObjectsTests.LoginToAppFactory" name="loginToApp_incorrectCredentials_failedLogin5" time="11.843"/>
  <testcase classname="pageObjectsTests.LoginToAppFactory" name="loginToApp_correctCredentials_successfulLogin2" time="12.350"/>
  <testcase classname="pageObjectsTests.LoginToAppFactory" name="loginToApp_incorrectCredentials_failedLogin2" time="14.404"/>
  <testcase classname="pageObjectsTests.LoginToAppFactory" name="loginToApp_correctCredentials_successfulLogin4" time="13.031"/>
  <testcase classname="pageObjectsTests.LoginToAppFactory" name="loginToApp_incorrectCredentials_failedLogin3" time="11.199"/>
  <testcase classname="pageObjectsTests.LoginToAppFactory" name="loginToApp_correctCredentials_successfulLogin5" time="12.022"/>
  <testcase classname="pageObjectsTests.LoginToAppFactory" name="loginToApp_correctCredentials_successfulLogin">
    <skipped/>
  </testcase> <!-- loginToApp_correctCredentials_successfulLogin -->
  <testcase classname="pageObjectsTests.LoginToAppFactory" name="loginToApp_correctCredentials_successfulLogin1">
    <skipped/>
  </testcase> <!-- loginToApp_correctCredentials_successfulLogin1 -->
</testsuite> <!-- pageObjectsTests.LoginToAppFactory -->
